Сборка начата 28.10.2016 18:14:38.
     1>Проект "C:\Users\root\documents\visual studio 2013\Projects\UniLib\UniLib\UniLib.vcxproj" в узле 2 (целевые объекты Build).
     1>ClCompile:
         C:\Program Files (x86)\Microsoft Visual Studio 12.0\VC\bin\CL.exe /c /Zi /nologo /W0 /WX- /O2 /Oi /Oy- /GL /D WIN32 /D NDEBUG /D _WINDOWS /D _USRDLL /D UNILIB_EXPORTS /D _USING_V110_SDK71_ /D _WINDLL /D _MBCS /Gm- /EHsc /MD /GS /Gy /fp:precise /Zc:wchar_t /Zc:forScope /Fo"Release\\" /Fd"Release\vc120.pdb" /Gz /TP /analyze- /errorReport:prompt main.cpp
         main.cpp
       Link:
         C:\Program Files (x86)\Microsoft Visual Studio 12.0\VC\bin\link.exe /ERRORREPORT:PROMPT /OUT:"C:\Users\root\documents\visual studio 2013\Projects\UniLib\Release\UniLib.DLL" /INCREMENTAL:NO /NOLOGO /LIBPATH:C:\D\dmd2\windows\lib32mscoff kernel32.lib user32.lib gdi32.lib winspool.lib comdlg32.lib advapi32.lib shell32.lib ole32.lib oleaut32.lib uuid.lib odbc32.lib odbccp32.lib /MANIFEST /MANIFESTUAC:"level='asInvoker' uiAccess='false'" /manifest:embed /DEBUG /PDB:"C:\Users\root\documents\visual studio 2013\Projects\UniLib\Release\UniLib.pdb" /SUBSYSTEM:WINDOWS,"5.01" /OPT:REF /OPT:ICF /LTCG /TLBID:1 /DYNAMICBASE /NXCOMPAT /IMPLIB:"C:\Users\root\documents\visual studio 2013\Projects\UniLib\Release\UniLib.lib" /MACHINE:X86 /SAFESEH /DLL Release\BitStream.obj
         Release\CreateTexture.obj
         Release\d3drender.obj
         Release\DrawInfo.obj
         Release\FontInfo.obj
         Release\HookedRakClient.obj
         Release\Interface.obj
         Release\main.obj
         Release\RakClient.obj
         Release\SampInfo.obj
            Создается библиотека C:\Users\root\documents\visual studio 2013\Projects\UniLib\Release\UniLib.lib и объект C:\Users\root\documents\visual studio 2013\Projects\UniLib\Release\UniLib.exp
         Создание кода
         Создание кода завершено
         UniLib.vcxproj -> C:\Users\root\documents\visual studio 2013\Projects\UniLib\Release\UniLib.DLL
     1>Сборка проекта "C:\Users\root\documents\visual studio 2013\Projects\UniLib\UniLib\UniLib.vcxproj" завершена (целевые объекты Build).

Сборка успешно завершена.

Затраченное время: 00:00:01.97
